# TypeScript Compilation Baseline Errors Report
Generated: $(date)

## tsconfig.app.json errors:
error TS2688: Cannot find type definition file for '@cloudflare/workers-types'.
  The file is in the program because:
    Entry point of type library '@cloudflare/workers-types' specified in compilerOptions

  tsconfig.app.json:11:15
    11     "types": ["@cloudflare/workers-types"], // Needed for Cloudflare Workers backend types
                     ~~~~~~~~~~~~~~~~~~~~~~~~~~~
    File is entry point of type library specified here.

Found 1 error.

## server/tsconfig.json errors:
email-campaigns/automation-config.js:106:38 - error TS1005: ',' expected.

106         subject: 'Never wonder "what's my day like?" again',
                                         ~

email-campaigns/automation-config.js:106:40 - error TS1005: ',' expected.

106         subject: 'Never wonder "what's my day like?" again',
                                           ~~

email-campaigns/automation-config.js:106:43 - error TS1005: ',' expected.

106         subject: 'Never wonder "what's my day like?" again',
                                              ~~~

email-campaigns/automation-config.js:106:47 - error TS1005: ',' expected.

106         subject: 'Never wonder "what's my day like?" again',
                                                  ~~~~

email-campaigns/automation-config.js:106:52 - error TS1005: ',' expected.

106         subject: 'Never wonder "what's my day like?" again',
                                                       ~~~~~~~~~

email-campaigns/automation-config.js:106:61 - error TS1002: Unterminated string literal.

106         subject: 'Never wonder "what's my day like?" again',
                                                                

email-campaigns/automation-config.js:107:9 - error TS1005: ':' expected.

107         template: 'busy-ben-calendar',
            ~~~~~~~~

email-campaigns/automation-config.js:107:17 - error TS1005: ',' expected.

107         template: 'busy-ben-calendar',
                    ~

email-campaigns/automation-config.js:107:38 - error TS1005: ':' expected.

107         template: 'busy-ben-calendar',
                                         ~

email-campaigns/automation-config.js:139:53 - error TS1005: ',' expected.

139         subject: 'Your trial expires in 3 days (don't lose your progress)',
                                                        ~

email-campaigns/automation-config.js:139:55 - error TS1005: ',' expected.

139         subject: 'Your trial expires in 3 days (don't lose your progress)',
                                                          ~~~~

email-campaigns/automation-config.js:139:60 - error TS1005: ',' expected.

139         subject: 'Your trial expires in 3 days (don't lose your progress)',
                                                               ~~~~

email-campaigns/automation-config.js:139:65 - error TS1005: ',' expected.

139         subject: 'Your trial expires in 3 days (don't lose your progress)',
                                                                    ~~~~~~~~

email-campaigns/automation-config.js:139:73 - error TS1005: ',' expected.

139         subject: 'Your trial expires in 3 days (don't lose your progress)',
                                                                            ~

email-campaigns/automation-config.js:139:76 - error TS1002: Unterminated string literal.

139         subject: 'Your trial expires in 3 days (don't lose your progress)',
                                                                               

email-campaigns/automation-config.js:140:9 - error TS1005: ':' expected.

140         template: 'busy-ben-urgency',
            ~~~~~~~~

email-campaigns/automation-config.js:140:17 - error TS1005: ',' expected.

140         template: 'busy-ben-urgency',
                    ~

email-campaigns/automation-config.js:140:37 - error TS1005: ':' expected.

140         template: 'busy-ben-urgency',
                                        ~

Found 18 errors in the same file, starting at: email-campaigns/automation-config.js:106

## tsconfig.node.json: 
No errors found.

## Summary:
Total errors found: 19 errors across 2 configurations
- 1 error in app configuration (missing type definitions) 
- 18 errors in server configuration (JavaScript syntax issues)

Error Categories:
1. Missing type definitions: @cloudflare/workers-types
2. JavaScript syntax errors: Quote character issues in automation-config.js